[INFO ] 2023-01-24 23:29:36.053 [main] UserDataManager - Creating new Excel File......
[INFO ] 2023-01-24 23:29:36.788 [main] UserDataManager - Excel File has been created
[INFO ] 2023-01-24 23:30:18.161 [main] GetAuthentication - Successfully extracted Web Authentication Token
[INFO ] 2023-01-24 23:30:42.099 [main] GetAuthentication - Successfully extracted Mob Authentication Token
[INFO ] 2023-01-24 23:30:42.099 [main] UserDataManager - Writing bottler data and UUIDs into the file.....
[INFO ] 2023-01-24 23:30:47.983 [main] UserDataManager - Bottler Data and UUIDs written successfully
[INFO ] 2023-01-24 23:30:47.983 [main] ProductDataManager - Writing Product Condition.....
[INFO ] 2023-01-24 23:30:51.347 [main] ProductDataManager - Getting Product IDs.....
[INFO ] 2023-01-24 23:30:51.563 [main] ProductDataManager - Writing Product IDs.....
[INFO ] 2023-01-24 23:30:57.986 [main] ProductDataManager - Product IDs written successfully
[INFO ] 2023-01-24 23:31:42.737 [main] GetAuthentication - Successfully extracted Web Authentication Token
[INFO ] 2023-01-24 23:32:09.487 [main] GetAuthentication - Successfully extracted Mob Authentication Token
[INFO ] 2023-01-24 23:32:09.487 [main] UserDataManager - Writing bottler data and UUIDs into the file.....
[INFO ] 2023-01-24 23:32:17.640 [main] UserDataManager - Bottler Data and UUIDs written successfully
[INFO ] 2023-01-24 23:32:17.640 [main] ProductDataManager - Writing Product Condition.....
[INFO ] 2023-01-24 23:32:25.131 [main] ProductDataManager - Getting Product IDs.....
[INFO ] 2023-01-24 23:32:25.753 [main] ProductDataManager - Writing Product IDs.....
[INFO ] 2023-01-24 23:32:40.517 [main] ProductDataManager - Product IDs written successfully
[INFO ] 2023-01-24 23:33:25.443 [main] GetAuthentication - Successfully extracted Web Authentication Token
[INFO ] 2023-01-24 23:33:50.958 [main] GetAuthentication - Successfully extracted Mob Authentication Token
[INFO ] 2023-01-24 23:33:50.958 [main] UserDataManager - Writing bottler data and UUIDs into the file.....
[INFO ] 2023-01-24 23:34:04.771 [main] UserDataManager - Bottler Data and UUIDs written successfully
[INFO ] 2023-01-24 23:34:04.771 [main] ProductDataManager - Writing Product Condition.....
[INFO ] 2023-01-24 23:34:16.128 [main] ProductDataManager - Getting Product IDs.....
[INFO ] 2023-01-24 23:34:16.338 [main] ProductDataManager - Writing Product IDs.....
[INFO ] 2023-01-24 23:34:50.656 [main] ProductDataManager - Product IDs written successfully
